<?xml version="1.0" encoding="utf-8"?><testsuites name="pytest tests"><testsuite name="pytest" errors="0" failures="0" skipped="1" tests="12" time="3.559" timestamp="2026-08-22T02:18:34.187347+00:00" hostname="agent-env-50e07163-f9e5-4271-9610-0e87a1ec92fa"><testcase classname="tests.test_dispatch_workflow.TestFleetAndDrivers" name="test_fleet_returns_three_vehicles" time="1.313" /><testcase classname="tests.test_dispatch_workflow.TestFleetAndDrivers" name="test_drivers_returns_seeded_driver" time="0.052" /><testcase classname="tests.test_dispatch_workflow.TestHappyPathDispatch" name="test_full_chain_pending_to_dispatched" time="0.588" /><testcase classname="tests.test_dispatch_workflow.TestHappyPathDispatch" name="test_customer_detail_after_dispatch" time="0.053" /><testcase classname="tests.test_dispatch_workflow.TestHappyPathDispatch" name="test_challan_visible_to_both_and_matches" time="0.110" /><testcase classname="tests.test_dispatch_workflow.TestStateGuards" name="test_assign_driver_before_tm_conflict" time="0.149" /><testcase classname="tests.test_dispatch_workflow.TestStateGuards" name="test_challan_before_driver_conflict" time="0.159"><skipped type="pytest.skip" message="no available vehicles for guard test">/app/backend/tests/test_dispatch_workflow.py:223: no available vehicles for guard test</skipped></testcase><testcase classname="tests.test_dispatch_workflow.TestStateGuards" name="test_dispatch_before_challan_conflict" time="0.174" /><testcase classname="tests.test_dispatch_workflow.TestStateGuards" name="test_assign_maintenance_vehicle_conflict" time="0.210" /><testcase classname="tests.test_dispatch_workflow.TestStateGuards" name="test_challan_before_generation_404" time="0.211" /><testcase classname="tests.test_dispatch_workflow.TestIsolationRBAC" name="test_foreign_vehicle_404" time="0.160" /><testcase classname="tests.test_dispatch_workflow.TestIsolationRBAC" name="test_customer_forbidden_on_owner_dispatch" time="0.305" /></testsuite></testsuites>