<?xml version="1.0" encoding="utf-8"?><testsuites name="pytest tests"><testsuite name="pytest" errors="0" failures="0" skipped="0" tests="8" time="2.395" timestamp="2026-08-22T02:57:14.278418+00:00" hostname="agent-env-50e07163-f9e5-4271-9610-0e87a1ec92fa"><testcase classname="tests.test_driver_pod.TestUpload" name="test_upload_no_auth_401" time="0.167" /><testcase classname="tests.test_driver_pod.TestDriverHome" name="test_driver_home_ok" time="0.262" /><testcase classname="tests.test_driver_pod.TestUpload" name="test_upload_non_image_422" time="0.188" /><testcase classname="tests.test_driver_pod.TestUpload" name="test_upload_and_serve_roundtrip" time="0.531" /><testcase classname="tests.test_driver_pod.TestDriverHome" name="test_customer_forbidden_on_driver" time="0.240" /><testcase classname="tests.test_driver_pod.TestAttendance" name="test_attendance_get" time="0.058" /><testcase classname="tests.test_driver_pod.TestAttendance" name="test_checkout_before_checkin_or_double_checkin" time="0.118" /><testcase classname="tests.test_driver_pod.TestDriverProgression" name="test_full_flow" time="1.202" /></testsuite></testsuites>