<?xml version="1.0" encoding="utf-8"?><testsuites name="pytest tests"><testsuite name="pytest" errors="0" failures="0" skipped="0" tests="21" time="14.941" timestamp="2026-08-22T11:28:42.263304+00:00" hostname="agent-env-50e07163-f9e5-4271-9610-0e87a1ec92fa"><testcase classname="tests.test_iteration9_dispatch_rbac_insights.TestDispatchFlow" name="test_dispatch_lists_orders_with_nav" time="6.604" /><testcase classname="tests.test_iteration9_dispatch_rbac_insights.TestDispatchFlow" name="test_get_fleet_and_drivers" time="0.877" /><testcase classname="tests.test_iteration9_dispatch_rbac_insights.TestDispatchFlow" name="test_full_dispatch_progression" time="1.433" /><testcase classname="tests.test_iteration9_dispatch_rbac_insights.TestRBAC" name="test_forbidden_for_non_dispatch_roles[assign-tm-body0-operator]" time="0.283" /><testcase classname="tests.test_iteration9_dispatch_rbac_insights.TestRBAC" name="test_forbidden_for_non_dispatch_roles[assign-tm-body0-store_manager]" time="0.305" /><testcase classname="tests.test_iteration9_dispatch_rbac_insights.TestRBAC" name="test_forbidden_for_non_dispatch_roles[assign-tm-body0-accountant]" time="0.322" /><testcase classname="tests.test_iteration9_dispatch_rbac_insights.TestRBAC" name="test_forbidden_for_non_dispatch_roles[assign-driver-body1-operator]" time="0.320" /><testcase classname="tests.test_iteration9_dispatch_rbac_insights.TestRBAC" name="test_forbidden_for_non_dispatch_roles[assign-driver-body1-store_manager]" time="0.359" /><testcase classname="tests.test_iteration9_dispatch_rbac_insights.TestRBAC" name="test_forbidden_for_non_dispatch_roles[assign-driver-body1-accountant]" time="0.451" /><testcase classname="tests.test_iteration9_dispatch_rbac_insights.TestRBAC" name="test_forbidden_for_non_dispatch_roles[challan-body2-operator]" time="0.294" /><testcase classname="tests.test_iteration9_dispatch_rbac_insights.TestRBAC" name="test_forbidden_for_non_dispatch_roles[challan-body2-store_manager]" time="1.222" /><testcase classname="tests.test_iteration9_dispatch_rbac_insights.TestRBAC" name="test_forbidden_for_non_dispatch_roles[challan-body2-accountant]" time="0.500" /><testcase classname="tests.test_iteration9_dispatch_rbac_insights.TestRBAC" name="test_forbidden_for_non_dispatch_roles[dispatch-body3-operator]" time="0.263" /><testcase classname="tests.test_iteration9_dispatch_rbac_insights.TestRBAC" name="test_forbidden_for_non_dispatch_roles[dispatch-body3-store_manager]" time="0.204" /><testcase classname="tests.test_iteration9_dispatch_rbac_insights.TestRBAC" name="test_forbidden_for_non_dispatch_roles[dispatch-body3-accountant]" time="0.221" /><testcase classname="tests.test_iteration9_dispatch_rbac_insights.TestRBAC" name="test_admin_not_forbidden[assign-tm-body0]" time="0.362" /><testcase classname="tests.test_iteration9_dispatch_rbac_insights.TestRBAC" name="test_admin_not_forbidden[assign-driver-body1]" time="0.204" /><testcase classname="tests.test_iteration9_dispatch_rbac_insights.TestRBAC" name="test_admin_not_forbidden[challan-body2]" time="0.206" /><testcase classname="tests.test_iteration9_dispatch_rbac_insights.TestRBAC" name="test_admin_not_forbidden[dispatch-body3]" time="0.200" /><testcase classname="tests.test_iteration9_dispatch_rbac_insights.TestOwnerInsights" name="test_shape_and_totals" time="0.110" /><testcase classname="tests.test_iteration9_dispatch_rbac_insights.TestOwnerInsights" name="test_insights_forbidden_for_non_owner" time="0.124" /></testsuite></testsuites>