<?xml version="1.0" encoding="utf-8"?><testsuites name="pytest tests"><testsuite name="pytest" errors="0" failures="1" skipped="0" tests="17" time="32.738" timestamp="2026-08-22T03:20:26.508009+00:00" hostname="agent-env-50e07163-f9e5-4271-9610-0e87a1ec92fa"><testcase classname="tests.test_phase6_sos_prod_invoice_track.TestInvoiceLedger" name="test_invoice_on_non_delivered_returns_409" time="0.638"><failure message="AttributeError: module 'pytest' has no attribute 'prod_order_id'">backend/tests/test_phase6_sos_prod_invoice_track.py:177: in test_invoice_on_non_delivered_returns_409
    r = requests.post(f"{BASE_URL}/api/owner/orders/{pytest.prod_order_id}/invoice",
                                                     ^^^^^^^^^^^^^^^^^^^^
E   AttributeError: module 'pytest' has no attribute 'prod_order_id'</failure></testcase><testcase classname="tests.test_phase6_sos_prod_invoice_track.TestInvoiceLedger" name="test_create_invoice_on_delivered_order" time="0.360" /><testcase classname="tests.test_phase6_sos_prod_invoice_track.TestInvoiceLedger" name="test_list_invoices_and_summary" time="0.105" /><testcase classname="tests.test_phase6_sos_prod_invoice_track.TestInvoiceLedger" name="test_over_payment_returns_422" time="0.149" /><testcase classname="tests.test_phase6_sos_prod_invoice_track.TestInvoiceLedger" name="test_partial_then_full_payment" time="0.385" /><testcase classname="tests.test_phase6_sos_prod_invoice_track.TestInvoiceLedger" name="test_ledger_groups_by_customer" time="0.102" /><testcase classname="tests.test_phase6_sos_prod_invoice_track.TestProduction" name="test_batch_before_start_returns_409" time="0.214" /><testcase classname="tests.test_phase6_sos_prod_invoice_track.TestProduction" name="test_start_production" time="0.219" /><testcase classname="tests.test_phase6_sos_prod_invoice_track.TestProduction" name="test_add_batches_accumulate" time="0.255" /><testcase classname="tests.test_phase6_sos_prod_invoice_track.TestProduction" name="test_complete_production_then_assign_tm" time="0.357" /><testcase classname="tests.test_phase6_sos_prod_invoice_track.TestTracking" name="test_tracking_inactive_after_delivered" time="0.249" /><testcase classname="tests.test_phase6_sos_prod_invoice_track.TestTracking" name="test_tracking_active_and_location" time="0.316" /><testcase classname="tests.test_phase6_sos_prod_invoice_track.TestDriverSOS" name="test_driver_can_raise_sos_and_supervisor_notified" time="31.901" /><testcase classname="tests.test_phase6_sos_prod_invoice_track.TestDriverSOS" name="test_driver_sees_own_sos_history" time="0.119" /><testcase classname="tests.test_phase6_sos_prod_invoice_track.TestDriverSOS" name="test_owner_sees_incident_scoped" time="0.100" /><testcase classname="tests.test_phase6_sos_prod_invoice_track.TestDriverSOS" name="test_customer_forbidden_on_owner_incidents" time="0.099" /><testcase classname="tests.test_phase6_sos_prod_invoice_track.TestDriverSOS" name="test_owner_resolve_incident" time="0.201" /></testsuite></testsuites>