<?xml version="1.0" encoding="utf-8"?><testsuites name="pytest tests"><testsuite name="pytest" errors="0" failures="0" skipped="1" tests="18" time="32.533" timestamp="2026-08-22T01:32:44.289039+00:00" hostname="agent-env-50e07163-f9e5-4271-9610-0e87a1ec92fa"><testcase classname="tests.backend_test.TestAuth" name="test_request_otp_returns_dev_otp" time="31.308" /><testcase classname="tests.backend_test.TestCustomer" name="test_home_shape" time="0.304" /><testcase classname="tests.backend_test.TestCustomer" name="test_orders" time="0.045" /><testcase classname="tests.backend_test.TestCustomer" name="test_plants" time="0.045" /><testcase classname="tests.backend_test.TestCustomer" name="test_kyc_verified" time="0.045" /><testcase classname="tests.backend_test.TestCustomer" name="test_kyc_start_conflict" time="0.043" /><testcase classname="tests.backend_test.TestCustomer" name="test_rbac_admin_cannot_access_customer" time="1.333" /><testcase classname="tests.backend_test.TestCustomer" name="test_customer_endpoints_no_auth_401" time="0.171" /><testcase classname="tests.backend_test.TestMe" name="test_me_customer" time="0.044" /><testcase classname="tests.backend_test.TestMe" name="test_me_without_token_401" time="0.045" /><testcase classname="tests.backend_test.TestHealth" name="test_health" time="0.043" /><testcase classname="tests.backend_test.TestLogout" name="test_logout_revokes_session" time="0.224" /><testcase classname="tests.backend_test.TestAuth" name="test_resend_throttle_429" time="0.111" /><testcase classname="tests.backend_test.TestAuth" name="test_verify_wrong_then_correct" time="0.208" /><testcase classname="tests.backend_test.TestAuth" name="test_verify_max_attempts_429" time="0.372" /><testcase classname="tests.backend_test.TestAuth" name="test_customer_email_rejected" time="0.102" /><testcase classname="tests.backend_test.TestAuth" name="test_admin_email_ok_mobile_wrong_channel" time="0.120" /><testcase classname="tests.backend_test.TestAuth" name="test_admin_mobile_should_fail_channel" time="0.000"><skipped type="pytest.skip" message="Admin identifier is email-only; no admin mobile exists to test.">/app/backend/tests/backend_test.py:140: Admin identifier is email-only; no admin mobile exists to test.</skipped></testcase></testsuite></testsuites>