<?xml version="1.0" encoding="utf-8"?><testsuites name="pytest tests"><testsuite name="pytest" errors="0" failures="0" skipped="0" tests="15" time="3.894" timestamp="2026-08-22T01:55:49.756504+00:00" hostname="agent-env-50e07163-f9e5-4271-9610-0e87a1ec92fa"><testcase classname="tests.test_order_lifecycle.TestCreateOrder" name="test_create_pending_order_verified_customer" time="0.350" /><testcase classname="tests.test_order_lifecycle.TestCreateOrder" name="test_kyc_required_for_unverified" time="1.172" /><testcase classname="tests.test_order_lifecycle.TestCreateOrder" name="test_kyc_draft_allowed_for_unverified" time="0.050" /><testcase classname="tests.test_order_lifecycle.TestCreateOrder" name="test_grade_validation" time="0.049" /><testcase classname="tests.test_order_lifecycle.TestOrderDetailAndCancel" name="test_detail_history_first_pending" time="0.055" /><testcase classname="tests.test_order_lifecycle.TestOrderDetailAndCancel" name="test_cancel_delivered_conflict" time="0.095" /><testcase classname="tests.test_order_lifecycle.TestOrderDetailAndCancel" name="test_cancel_pending_ok" time="0.163" /><testcase classname="tests.test_order_lifecycle.TestOwnerHome" name="test_owner_home_shape" time="1.161" /><testcase classname="tests.test_order_lifecycle.TestOwnerHome" name="test_owner_orders_list_and_filter" time="0.102" /><testcase classname="tests.test_order_lifecycle.TestOwnerApproveReject" name="test_approve_pending_to_accepted" time="0.103" /><testcase classname="tests.test_order_lifecycle.TestOwnerApproveReject" name="test_approve_already_accepted_idempotent" time="0.051" /><testcase classname="tests.test_order_lifecycle.TestOwnerApproveReject" name="test_reject_flow_with_reason" time="0.175" /><testcase classname="tests.test_order_lifecycle.TestOwnerApproveReject" name="test_state_machine_guard_reject_then_approve_conflict" time="0.048" /><testcase classname="tests.test_order_lifecycle.TestRBACIsolation" name="test_customer_cannot_access_owner" time="0.213" /><testcase classname="tests.test_order_lifecycle.TestRBACIsolation" name="test_owner_cannot_act_on_foreign_order_404" time="0.052" /></testsuite></testsuites>