<?xml version="1.0" encoding="utf-8"?><testsuites name="pytest tests"><testsuite name="pytest" errors="0" failures="0" skipped="0" tests="36" time="7.489" timestamp="2026-08-22T03:53:51.762774+00:00" hostname="agent-env-50e07163-f9e5-4271-9610-0e87a1ec92fa"><testcase classname="tests.test_staff_dashboards" name="test_staff_home_returns_kpis_and_primary[admin-admin@trackmyrmc.test]" time="2.510" /><testcase classname="tests.test_staff_dashboards" name="test_staff_home_returns_kpis_and_primary[dispatcher-dispatcher@trackmyrmc.test]" time="0.134" /><testcase classname="tests.test_staff_dashboards" name="test_staff_home_returns_kpis_and_primary[operator-operator@trackmyrmc.test]" time="0.102" /><testcase classname="tests.test_staff_dashboards" name="test_staff_home_returns_kpis_and_primary[supervisor-supervisor@trackmyrmc.test]" time="0.105" /><testcase classname="tests.test_staff_dashboards" name="test_staff_home_returns_kpis_and_primary[accountant-accountant@trackmyrmc.test]" time="0.104" /><testcase classname="tests.test_staff_dashboards" name="test_staff_home_returns_kpis_and_primary[quality_engineer-quality@trackmyrmc.test]" time="0.101" /><testcase classname="tests.test_staff_dashboards" name="test_staff_home_returns_kpis_and_primary[fleet_manager-fleet@trackmyrmc.test]" time="0.100" /><testcase classname="tests.test_staff_dashboards" name="test_staff_home_returns_kpis_and_primary[store_manager-store@trackmyrmc.test]" time="0.108" /><testcase classname="tests.test_staff_dashboards" name="test_staff_home_returns_kpis_and_primary[authority-authority@trackmyrmc.test]" time="0.102" /><testcase classname="tests.test_staff_dashboards" name="test_staff_home_returns_kpis_and_primary[central_admin-central@trackmyrmc.test]" time="0.104" /><testcase classname="tests.test_staff_dashboards" name="test_collection_admin_all_kinds[orders]" time="0.105" /><testcase classname="tests.test_staff_dashboards" name="test_collection_admin_all_kinds[dispatch]" time="0.099" /><testcase classname="tests.test_staff_dashboards" name="test_collection_admin_all_kinds[production]" time="0.113" /><testcase classname="tests.test_staff_dashboards" name="test_collection_admin_all_kinds[quality]" time="0.124" /><testcase classname="tests.test_staff_dashboards" name="test_collection_admin_all_kinds[incidents]" time="0.100" /><testcase classname="tests.test_staff_dashboards" name="test_collection_admin_all_kinds[fleet]" time="0.116" /><testcase classname="tests.test_staff_dashboards" name="test_collection_admin_all_kinds[drivers]" time="0.112" /><testcase classname="tests.test_staff_dashboards" name="test_collection_admin_all_kinds[invoices]" time="0.229" /><testcase classname="tests.test_staff_dashboards" name="test_collection_admin_all_kinds[ledger]" time="0.109" /><testcase classname="tests.test_staff_dashboards" name="test_collection_admin_all_kinds[inventory]" time="0.133" /><testcase classname="tests.test_staff_dashboards" name="test_collection_admin_all_kinds[plants]" time="0.100" /><testcase classname="tests.test_staff_dashboards" name="test_collection_admin_all_kinds[kyc]" time="0.139" /><testcase classname="tests.test_staff_dashboards" name="test_collection_admin_all_kinds[users]" time="0.103" /><testcase classname="tests.test_staff_dashboards" name="test_collection_unknown_returns_404" time="0.140" /><testcase classname="tests.test_staff_dashboards" name="test_authority_plants_platform_wide" time="0.120" /><testcase classname="tests.test_staff_dashboards" name="test_central_admin_users_platform_wide" time="0.100" /><testcase classname="tests.test_staff_dashboards" name="test_dispatcher_plant_scoped" time="0.129" /><testcase classname="tests.test_staff_dashboards" name="test_store_manager_low_stock_10mm_aggregate" time="0.110" /><testcase classname="tests.test_staff_dashboards" name="test_store_manager_home_low_stock_kpi" time="0.119" /><testcase classname="tests.test_staff_dashboards" name="test_non_staff_home_forbidden[customer]" time="0.724" /><testcase classname="tests.test_staff_dashboards" name="test_non_staff_home_forbidden[driver]" time="0.117" /><testcase classname="tests.test_staff_dashboards" name="test_non_staff_home_forbidden[plant_owner]" time="0.131" /><testcase classname="tests.test_staff_dashboards" name="test_non_staff_collection_forbidden[customer]" time="0.101" /><testcase classname="tests.test_staff_dashboards" name="test_non_staff_collection_forbidden[driver]" time="0.096" /><testcase classname="tests.test_staff_dashboards" name="test_non_staff_collection_forbidden[plant_owner]" time="0.114" /><testcase classname="tests.test_staff_dashboards" name="test_no_auth_forbidden" time="0.097" /></testsuite></testsuites>