<?xml version="1.0" encoding="utf-8"?><testsuites name="pytest tests"><testsuite name="pytest" errors="0" failures="0" skipped="1" tests="22" time="7.903" timestamp="2026-08-22T04:29:35.080848+00:00" hostname="agent-env-50e07163-f9e5-4271-9610-0e87a1ec92fa"><testcase classname="tests.test_staff_actions.TestKyc" name="test_authority_lists_pending_kyc" time="2.242" /><testcase classname="tests.test_staff_actions.TestKyc" name="test_store_manager_cannot_approve_kyc" time="0.211" /><testcase classname="tests.test_staff_actions.TestKyc" name="test_customer_cannot_access" time="0.109" /><testcase classname="tests.test_staff_actions.TestKyc" name="test_approve_then_reject_flow" time="0.335" /><testcase classname="tests.test_staff_actions.TestUsers" name="test_users_list_has_suspend_action" time="1.317" /><testcase classname="tests.test_staff_actions.TestUsers" name="test_suspend_then_activate" time="0.435" /><testcase classname="tests.test_staff_actions.TestUsers" name="test_rbac_admin_cannot_suspend" time="0.111" /><testcase classname="tests.test_staff_actions.TestFleet" name="test_add_vehicle_and_toggle_status" time="0.455" /><testcase classname="tests.test_staff_actions.TestFleet" name="test_rbac_store_cannot_add_vehicle" time="0.097" /><testcase classname="tests.test_staff_actions.TestInventory" name="test_add_material_and_adjust" time="0.414" /><testcase classname="tests.test_staff_actions.TestInventory" name="test_rbac_fleet_cannot_adjust" time="0.107" /><testcase classname="tests.test_staff_actions.TestOperator" name="test_production_start_complete" time="0.323" /><testcase classname="tests.test_staff_actions.TestOperator" name="test_rbac_admin_cannot_start" time="0.098" /><testcase classname="tests.test_staff_actions.TestQuality" name="test_record_test" time="0.459" /><testcase classname="tests.test_staff_actions.TestQuality" name="test_rbac_operator_cannot_record" time="0.112" /><testcase classname="tests.test_staff_actions.TestAccountant" name="test_record_payment_when_available" time="0.097"><skipped type="pytest.skip" message="seeded invoice already PAID">/app/backend/tests/test_staff_actions.py:245: seeded invoice already PAID</skipped></testcase><testcase classname="tests.test_staff_actions.TestAccountant" name="test_rbac_store_cannot_pay" time="0.137" /><testcase classname="tests.test_staff_actions.TestNotifications" name="test_feed_and_read_all" time="0.201" /><testcase classname="tests.test_staff_actions.TestNotifications" name="test_customer_gets_kyc_notification" time="0.206" /><testcase classname="tests.test_staff_actions.TestMaps" name="test_status_not_configured" time="0.103" /><testcase classname="tests.test_staff_actions.TestMaps" name="test_autocomplete_graceful" time="0.111" /><testcase classname="tests.test_staff_actions.TestMaps" name="test_place_details_returns_409" time="0.137" /></testsuite></testsuites>